<?xml version="1.0" encoding="UTF-8"?>
<!-- Generated by org.testng.reporters.JUnitReportReporter -->
<testsuite hostname="DESKTOP-45APLK9" failures="0" tests="1" name="TestNgRemoveProdDetails" time="1.315" errors="0" timestamp="2024-02-07T23:17:46 IST" skipped="0">
  <testcase classname="TestNgRemoveProdDetails" name="tc01_removeItem" time="1.315"/>
</testsuite> <!-- TestNgRemoveProdDetails -->
