<?xml version="1.0" encoding="UTF-8"?>
<!-- Generated by org.testng.reporters.JUnitReportReporter -->
<testsuite hostname="DESKTOP-45APLK9" failures="0" tests="2" name="TestNgAddProductDetails" time="2.539" errors="0" timestamp="2024-02-07T23:17:46 IST" skipped="0">
  <testcase classname="TestNgAddProductDetails" name="tc01_addProduct" time="1.493"/>
  <testcase classname="TestNgAddProductDetails" name="tc02_addProducts" time="1.046"/>
</testsuite> <!-- TestNgAddProductDetails -->
