<?xml version="1.0" encoding="UTF-8"?>
<!-- Generated by org.testng.reporters.JUnitReportReporter -->
<testsuite hostname="DESKTOP-45APLK9" failures="0" tests="1" name="TestNgExamineReceiptEndToEnd" time="1.134" errors="0" timestamp="2024-02-07T23:17:46 IST" skipped="0">
  <testcase classname="TestNgExamineReceiptEndToEnd" name="tc01_CheakOrderFinish" time="1.134"/>
</testsuite> <!-- TestNgExamineReceiptEndToEnd -->
