<?xml version="1.0" encoding="UTF-8"?>
<!-- Generated by org.testng.reporters.JUnitReportReporter -->
<testsuite hostname="DESKTOP-45APLK9" failures="0" tests="5" name="TestNglogIn" time="2.719" errors="0" timestamp="2024-02-07T23:17:46 IST" skipped="0">
  <testcase classname="TestNglogIn" name="tc04_successLogin" time="0.442"/>
  <testcase classname="TestNglogIn" name="tc01_failedTestScenario" time="0.957"/>
  <testcase classname="TestNglogIn" name="tc03_failedTestScenario" time="0.449"/>
  <testcase classname="TestNglogIn" name="tc02_failedTestScenario" time="0.412"/>
  <testcase classname="TestNglogIn" name="tc03_failedTestScenario" time="0.459"/>
</testsuite> <!-- TestNglogIn -->
