<?xml version="1.0" encoding="UTF-8"?>
<!-- Generated by org.testng.reporters.JUnitReportReporter -->
<testsuite hostname="DESKTOP-45APLK9" failures="0" tests="8" name="TestNgMenu" time="7.218" errors="0" timestamp="2024-02-07T23:17:46 IST" skipped="0">
  <testcase classname="TestNgMenu" name="tc03_goToAllItemsFromProducts" time="0.039"/>
  <testcase classname="TestNgMenu" name="tc01_goToAllItemsFromCart" time="0.825"/>
  <testcase classname="TestNgMenu" name="tc07_logOutFromProductDetails" time="1.151"/>
  <testcase classname="TestNgMenu" name="tc02_goToAllItemsFromProductDetails" time="0.815"/>
  <testcase classname="TestNgMenu" name="tc04_cleanCartFromFromCartPage" time="1.153"/>
  <testcase classname="TestNgMenu" name="tc08_logOutFromProducts" time="1.089"/>
  <testcase classname="TestNgMenu" name="ct05_cleanCartFromProductDetails" time="1.363"/>
  <testcase classname="TestNgMenu" name="tc06_logOutFromCart" time="0.783"/>
</testsuite> <!-- TestNgMenu -->
