<?xml version="1.0" encoding="UTF-8"?>
<!-- Generated by org.testng.reporters.JUnitReportReporter -->
<testsuite hostname="DESKTOP-45APLK9" failures="0" tests="2" name="TestNgCheckOutRelability" time="1.937" errors="0" timestamp="2024-02-07T23:17:46 IST" skipped="0">
  <testcase classname="TestNgCheckOutRelability" name="tc02_checkPrice" time="0.711"/>
  <testcase classname="TestNgCheckOutRelability" name="tc01_checkProducts" time="1.226"/>
</testsuite> <!-- TestNgCheckOutRelability -->
