<?xml version="1.0" encoding="UTF-8"?>
<!-- Generated by org.testng.reporters.JUnitReportReporter -->
<testsuite hostname="DESKTOP-45APLK9" failures="0" tests="4" name="TestNgSort" time="1.072" errors="0" timestamp="2024-02-07T23:17:46 IST" skipped="0">
  <testcase classname="TestNgSort" name="tc02_sortProductsByPrice" time="0.243"/>
  <testcase classname="TestNgSort" name="tc02_sortProductsByPrice" time="0.239"/>
  <testcase classname="TestNgSort" name="tc01_sortProductsByName" time="0.249"/>
  <testcase classname="TestNgSort" name="tc01_sortProductsByName" time="0.341"/>
</testsuite> <!-- TestNgSort -->
