<?xml version="1.0" encoding="UTF-8"?>
<!-- Generated by org.testng.reporters.JUnitReportReporter -->
<testsuite hostname="DESKTOP-45APLK9" failures="0" tests="4" name="TestNgCheckOutFunctionality" time="2.094" errors="0" timestamp="2024-02-07T23:17:46 IST" skipped="0">
  <testcase classname="TestNgCheckOutFunctionality" name="tc02_wrongCheckout" time="0.496"/>
  <testcase classname="TestNgCheckOutFunctionality" name="tc04_correctCheckout" time="0.540"/>
  <testcase classname="TestNgCheckOutFunctionality" name="tc03_wrongCheckout" time="0.509"/>
  <testcase classname="TestNgCheckOutFunctionality" name="tc01_wrongCheckout" time="0.549"/>
</testsuite> <!-- TestNgCheckOutFunctionality -->
